C:\Users\danie\OneDrive\Escritorio\GraphicsII_Project\D3D11_Template_Gateware_v5d\D3D11_Template_Gateware\BasicVertexShader.hlsl(41,18-47): warning X3206: 'mul': implicit truncation of vector type
C:\Users\danie\OneDrive\Escritorio\GraphicsII_Project\D3D11_Template_Gateware_v5d\D3D11_Template_Gateware\BasicVertexShader.hlsl(41,2-47): warning X3206: implicit truncation of vector type
  
  compilation header save succeeded; see C:\Users\danie\OneDrive\Escritorio\GraphicsII_Project\D3D11_Template_Gateware_v5d\D3D11_Template_Gateware\BasicVertexShader.csh
  compilation object save succeeded; see C:\Users\danie\OneDrive\Escritorio\GraphicsII_Project\D3D11_Template_Gateware_v5d\Debug\BasicVertexShader.cso
C:\Users\danie\OneDrive\Escritorio\GraphicsII_Project\D3D11_Template_Gateware_v5d\D3D11_Template_Gateware\BasicPixelShader.hlsl(53,8-61): warning X3206: implicit truncation of vector type
C:\Users\danie\OneDrive\Escritorio\GraphicsII_Project\D3D11_Template_Gateware_v5d\D3D11_Template_Gateware\BasicPixelShader.hlsl(55,39-57): warning X3206: implicit truncation of vector type
  
  compilation header save succeeded; see C:\Users\danie\OneDrive\Escritorio\GraphicsII_Project\D3D11_Template_Gateware_v5d\D3D11_Template_Gateware\BasicPixelShader.csh
  compilation object save succeeded; see C:\Users\danie\OneDrive\Escritorio\GraphicsII_Project\D3D11_Template_Gateware_v5d\Debug\BasicPixelShader.cso
  compilation header save succeeded; see C:\Users\danie\OneDrive\Escritorio\GraphicsII_Project\D3D11_Template_Gateware_v5d\D3D11_Template_Gateware\GridVertexShader.csh
  compilation object save succeeded; see C:\Users\danie\OneDrive\Escritorio\GraphicsII_Project\D3D11_Template_Gateware_v5d\Debug\GridVertexShader.cso
C:\Users\danie\OneDrive\Escritorio\GraphicsII_Project\D3D11_Template_Gateware_v5d\D3D11_Template_Gateware\InstanceVS.hlsl(54,18-45): warning X3206: 'mul': implicit truncation of vector type
C:\Users\danie\OneDrive\Escritorio\GraphicsII_Project\D3D11_Template_Gateware_v5d\D3D11_Template_Gateware\InstanceVS.hlsl(54,2-45): warning X3206: implicit truncation of vector type
  
  compilation header save succeeded; see C:\Users\danie\OneDrive\Escritorio\GraphicsII_Project\D3D11_Template_Gateware_v5d\D3D11_Template_Gateware\InstanceVS.csh
  compilation object save succeeded; see C:\Users\danie\OneDrive\Escritorio\GraphicsII_Project\D3D11_Template_Gateware_v5d\Debug\InstanceVS.cso
  compilation header save succeeded; see C:\Users\danie\OneDrive\Escritorio\GraphicsII_Project\D3D11_Template_Gateware_v5d\D3D11_Template_Gateware\NoLightsPS.csh
  compilation object save succeeded; see C:\Users\danie\OneDrive\Escritorio\GraphicsII_Project\D3D11_Template_Gateware_v5d\Debug\NoLightsPS.cso
  compilation header save succeeded; see C:\Users\danie\OneDrive\Escritorio\GraphicsII_Project\D3D11_Template_Gateware_v5d\D3D11_Template_Gateware\SkyboxPS.csh
  compilation object save succeeded; see C:\Users\danie\OneDrive\Escritorio\GraphicsII_Project\D3D11_Template_Gateware_v5d\Debug\SkyboxPS.cso
  compilation header save succeeded; see C:\Users\danie\OneDrive\Escritorio\GraphicsII_Project\D3D11_Template_Gateware_v5d\D3D11_Template_Gateware\SkyboxVS.csh
  compilation object save succeeded; see C:\Users\danie\OneDrive\Escritorio\GraphicsII_Project\D3D11_Template_Gateware_v5d\Debug\SkyboxVS.cso
C:\Users\danie\OneDrive\Escritorio\GraphicsII_Project\D3D11_Template_Gateware_v5d\D3D11_Template_Gateware\TintPS.hlsl(60,8-61): warning X3206: implicit truncation of vector type
C:\Users\danie\OneDrive\Escritorio\GraphicsII_Project\D3D11_Template_Gateware_v5d\D3D11_Template_Gateware\TintPS.hlsl(62,39-59): warning X3206: implicit truncation of vector type
  
  compilation header save succeeded; see C:\Users\danie\OneDrive\Escritorio\GraphicsII_Project\D3D11_Template_Gateware_v5d\D3D11_Template_Gateware\TintPS.csh
  compilation object save succeeded; see C:\Users\danie\OneDrive\Escritorio\GraphicsII_Project\D3D11_Template_Gateware_v5d\Debug\TintPS.cso
  Camera.cpp
  DDSTextureLoader.cpp
  GAudio.cpp
c:\users\danie\onedrive\escritorio\graphicsii_project\d3d11_template_gateware_v5d\d3d11_template_gateware\gateware redistribution r5d\source\g_audio\gaudiowin.hpp(2): warning C4067: unexpected tokens following preprocessor directive - expected a newline
c:\users\danie\onedrive\escritorio\graphicsii_project\d3d11_template_gateware_v5d\d3d11_template_gateware\gateware redistribution r5d\source\g_audio\gaudiowin.hpp(765): warning C4101: 'e': unreferenced local variable
c:\users\danie\onedrive\escritorio\graphicsii_project\d3d11_template_gateware_v5d\d3d11_template_gateware\gateware redistribution r5d\source\g_audio\gaudiowin.hpp(839): warning C4101: 'e': unreferenced local variable
c:\users\danie\onedrive\escritorio\graphicsii_project\d3d11_template_gateware_v5d\d3d11_template_gateware\gateware redistribution r5d\source\g_audio\gaudiowin.hpp(1152): warning C4101: 'e': unreferenced local variable
c:\users\danie\onedrive\escritorio\graphicsii_project\d3d11_template_gateware_v5d\d3d11_template_gateware\gateware redistribution r5d\source\g_audio\gaudiowin.hpp(1227): warning C4101: 'e': unreferenced local variable
c:\users\danie\onedrive\escritorio\graphicsii_project\d3d11_template_gateware_v5d\d3d11_template_gateware\gateware redistribution r5d\source\g_audio\gaudiowin.hpp(1809): warning C4018: '<': signed/unsigned mismatch
c:\users\danie\onedrive\escritorio\graphicsii_project\d3d11_template_gateware_v5d\d3d11_template_gateware\gateware redistribution r5d\source\g_audio\gaudiowin.hpp(1822): warning C4018: '<': signed/unsigned mismatch
c:\users\danie\onedrive\escritorio\graphicsii_project\d3d11_template_gateware_v5d\d3d11_template_gateware\gateware redistribution r5d\source\g_audio\gaudiowin.hpp(1840): warning C4018: '<': signed/unsigned mismatch
c:\users\danie\onedrive\escritorio\graphicsii_project\d3d11_template_gateware_v5d\d3d11_template_gateware\gateware redistribution r5d\source\g_audio\gaudiowin.hpp(1848): warning C4018: '<': signed/unsigned mismatch
c:\users\danie\onedrive\escritorio\graphicsii_project\d3d11_template_gateware_v5d\d3d11_template_gateware\gateware redistribution r5d\source\g_audio\gaudiowin.hpp(1861): warning C4018: '<': signed/unsigned mismatch
c:\users\danie\onedrive\escritorio\graphicsii_project\d3d11_template_gateware_v5d\d3d11_template_gateware\gateware redistribution r5d\source\g_audio\gaudiowin.hpp(1869): warning C4018: '<': signed/unsigned mismatch
c:\users\danie\onedrive\escritorio\graphicsii_project\d3d11_template_gateware_v5d\d3d11_template_gateware\gateware redistribution r5d\source\g_audio\gaudiowin.hpp(1882): warning C4018: '<': signed/unsigned mismatch
c:\users\danie\onedrive\escritorio\graphicsii_project\d3d11_template_gateware_v5d\d3d11_template_gateware\gateware redistribution r5d\source\g_audio\gaudiowin.hpp(1890): warning C4018: '<': signed/unsigned mismatch
  GDirectX11Surface.cpp
c:\users\danie\onedrive\escritorio\graphicsii_project\d3d11_template_gateware_v5d\d3d11_template_gateware\gateware redistribution r5d\source\g_graphics\gdirectx11surface.cpp(218): warning C4244: '=': conversion from 'unsigned int' to 'FLOAT', possible loss of data
c:\users\danie\onedrive\escritorio\graphicsii_project\d3d11_template_gateware_v5d\d3d11_template_gateware\gateware redistribution r5d\source\g_graphics\gdirectx11surface.cpp(219): warning C4244: '=': conversion from 'unsigned int' to 'FLOAT', possible loss of data
c:\users\danie\onedrive\escritorio\graphicsii_project\d3d11_template_gateware_v5d\d3d11_template_gateware\gateware redistribution r5d\source\g_graphics\gdirectx11surface.cpp(430): warning C4244: '=': conversion from 'unsigned int' to 'FLOAT', possible loss of data
c:\users\danie\onedrive\escritorio\graphicsii_project\d3d11_template_gateware_v5d\d3d11_template_gateware\gateware redistribution r5d\source\g_graphics\gdirectx11surface.cpp(431): warning C4244: '=': conversion from 'unsigned int' to 'FLOAT', possible loss of data
  GOpenGLSurface.cpp
  GMatrix.cpp
  GQuaternion.cpp
  GVector.cpp
  GBI_Callback.cpp
  GBufferedInput.cpp
  GFile.cpp
  GInput.cpp
c:\users\danie\onedrive\escritorio\graphicsii_project\d3d11_template_gateware_v5d\d3d11_template_gateware\gateware redistribution r5d\source\g_system\gi_callback.cpp(163): warning C4244: '=': conversion from 'float' to 'int', possible loss of data
c:\users\danie\onedrive\escritorio\graphicsii_project\d3d11_template_gateware_v5d\d3d11_template_gateware\gateware redistribution r5d\source\g_system\gi_callback.cpp(164): warning C4244: '=': conversion from 'float' to 'int', possible loss of data
c:\users\danie\onedrive\escritorio\graphicsii_project\d3d11_template_gateware_v5d\d3d11_template_gateware\gateware redistribution r5d\source\g_system\ginput.cpp(356): warning C4244: '=': conversion from 'int' to 'float', possible loss of data
c:\users\danie\onedrive\escritorio\graphicsii_project\d3d11_template_gateware_v5d\d3d11_template_gateware\gateware redistribution r5d\source\g_system\ginput.cpp(357): warning C4244: '=': conversion from 'int' to 'float', possible loss of data
c:\users\danie\onedrive\escritorio\graphicsii_project\d3d11_template_gateware_v5d\d3d11_template_gateware\gateware redistribution r5d\source\g_system\ginput.cpp(369): warning C4244: '=': conversion from 'int' to 'float', possible loss of data
c:\users\danie\onedrive\escritorio\graphicsii_project\d3d11_template_gateware_v5d\d3d11_template_gateware\gateware redistribution r5d\source\g_system\ginput.cpp(370): warning C4244: '=': conversion from 'int' to 'float', possible loss of data
  GI_Callback.cpp
c:\users\danie\onedrive\escritorio\graphicsii_project\d3d11_template_gateware_v5d\d3d11_template_gateware\gateware redistribution r5d\source\g_system\gi_callback.cpp(163): warning C4244: '=': conversion from 'float' to 'int', possible loss of data
c:\users\danie\onedrive\escritorio\graphicsii_project\d3d11_template_gateware_v5d\d3d11_template_gateware\gateware redistribution r5d\source\g_system\gi_callback.cpp(164): warning C4244: '=': conversion from 'float' to 'int', possible loss of data
  GI_Static.cpp
  GLog.cpp
  GWindow.cpp
  main.cpp
c:\users\danie\onedrive\escritorio\graphicsii_project\d3d11_template_gateware_v5d\d3d11_template_gateware\letsdrawsomestuff.h(263): warning C4244: '=': conversion from 'int' to 'float', possible loss of data
c:\users\danie\onedrive\escritorio\graphicsii_project\d3d11_template_gateware_v5d\d3d11_template_gateware\letsdrawsomestuff.h(508): warning C4244: '=': conversion from 'UINT' to 'FLOAT', possible loss of data
c:\users\danie\onedrive\escritorio\graphicsii_project\d3d11_template_gateware_v5d\d3d11_template_gateware\letsdrawsomestuff.h(509): warning C4244: '=': conversion from 'UINT' to 'FLOAT', possible loss of data
c:\users\danie\onedrive\escritorio\graphicsii_project\d3d11_template_gateware_v5d\d3d11_template_gateware\letsdrawsomestuff.h(513): warning C4244: 'argument': conversion from 'UINT' to 'float', possible loss of data
c:\users\danie\onedrive\escritorio\graphicsii_project\d3d11_template_gateware_v5d\d3d11_template_gateware\letsdrawsomestuff.h(876): warning C4244: 'argument': conversion from 'double' to 'float', possible loss of data
c:\users\danie\onedrive\escritorio\graphicsii_project\d3d11_template_gateware_v5d\d3d11_template_gateware\letsdrawsomestuff.h(1269): warning C4305: 'argument': truncation from 'double' to 'float'
  Mesh.cpp
  XTime.cpp
  Generating Code...
c:\users\danie\onedrive\escritorio\graphicsii_project\d3d11_template_gateware_v5d\d3d11_template_gateware\gateware redistribution r5d\source\g_audio\gaudiowin.hpp(1425): warning C4715: 'WindowAppMusic::Stream': not all control paths return a value
  D3D11_Template_Gateware.vcxproj -> C:\Users\danie\OneDrive\Escritorio\GraphicsII_Project\D3D11_Template_Gateware_v5d\Debug\D3D11_Template_Gateware.exe
