c:\school\graphicsii_project\d3d11_template_gateware_v5d\d3d11_template_gateware\debug\vc141.pdb
c:\school\graphicsii_project\d3d11_template_gateware_v5d\d3d11_template_gateware\debug\vc141.idb
c:\school\graphicsii_project\d3d11_template_gateware_v5d\d3d11_template_gateware\debug\mesh.obj
c:\school\graphicsii_project\d3d11_template_gateware_v5d\d3d11_template_gateware\debug\main.obj
c:\school\graphicsii_project\d3d11_template_gateware_v5d\d3d11_template_gateware\debug\gwindow.obj
c:\school\graphicsii_project\d3d11_template_gateware_v5d\d3d11_template_gateware\debug\glog.obj
c:\school\graphicsii_project\d3d11_template_gateware_v5d\d3d11_template_gateware\debug\gi_static.obj
c:\school\graphicsii_project\d3d11_template_gateware_v5d\d3d11_template_gateware\debug\gi_callback.obj
c:\school\graphicsii_project\d3d11_template_gateware_v5d\d3d11_template_gateware\debug\ginput.obj
c:\school\graphicsii_project\d3d11_template_gateware_v5d\d3d11_template_gateware\debug\gfile.obj
c:\school\graphicsii_project\d3d11_template_gateware_v5d\d3d11_template_gateware\debug\gbufferedinput.obj
c:\school\graphicsii_project\d3d11_template_gateware_v5d\d3d11_template_gateware\debug\gbi_callback.obj
c:\school\graphicsii_project\d3d11_template_gateware_v5d\d3d11_template_gateware\debug\gvector.obj
c:\school\graphicsii_project\d3d11_template_gateware_v5d\d3d11_template_gateware\debug\gquaternion.obj
c:\school\graphicsii_project\d3d11_template_gateware_v5d\d3d11_template_gateware\debug\gmatrix.obj
c:\school\graphicsii_project\d3d11_template_gateware_v5d\d3d11_template_gateware\debug\gopenglsurface.obj
c:\school\graphicsii_project\d3d11_template_gateware_v5d\d3d11_template_gateware\debug\gdirectx11surface.obj
c:\school\graphicsii_project\d3d11_template_gateware_v5d\d3d11_template_gateware\debug\gaudio.obj
c:\school\graphicsii_project\d3d11_template_gateware_v5d\d3d11_template_gateware\debug\camera.obj
c:\school\graphicsii_project\d3d11_template_gateware_v5d\d3d11_template_gateware\debug\xtime.obj
c:\school\graphicsii_project\d3d11_template_gateware_v5d\d3d11_template_gateware\debug\ddstextureloader.obj
c:\school\graphicsii_project\d3d11_template_gateware_v5d\d3d11_template_gateware\basicvertexshader.csh
c:\school\graphicsii_project\d3d11_template_gateware_v5d\debug\basicvertexshader.cso
c:\school\graphicsii_project\d3d11_template_gateware_v5d\d3d11_template_gateware\gridvertexshader.csh
c:\school\graphicsii_project\d3d11_template_gateware_v5d\debug\gridvertexshader.cso
c:\school\graphicsii_project\d3d11_template_gateware_v5d\d3d11_template_gateware\basicpixelshader.csh
c:\school\graphicsii_project\d3d11_template_gateware_v5d\debug\basicpixelshader.cso
c:\school\graphicsii_project\d3d11_template_gateware_v5d\debug\d3d11_template_gateware.exe
c:\school\graphicsii_project\d3d11_template_gateware_v5d\debug\d3d11_template_gateware.ilk
c:\school\graphicsii_project\d3d11_template_gateware_v5d\debug\d3d11_template_gateware.pdb
c:\school\graphicsii_project\d3d11_template_gateware_v5d\d3d11_template_gateware\debug\d3d11_te.c7374697.tlog\cl.command.1.tlog
c:\school\graphicsii_project\d3d11_template_gateware_v5d\d3d11_template_gateware\debug\d3d11_te.c7374697.tlog\cl.read.1.tlog
c:\school\graphicsii_project\d3d11_template_gateware_v5d\d3d11_template_gateware\debug\d3d11_te.c7374697.tlog\cl.write.1.tlog
c:\school\graphicsii_project\d3d11_template_gateware_v5d\d3d11_template_gateware\debug\d3d11_te.c7374697.tlog\fxc.command.1.tlog
c:\school\graphicsii_project\d3d11_template_gateware_v5d\d3d11_template_gateware\debug\d3d11_te.c7374697.tlog\fxc.read.1.tlog
c:\school\graphicsii_project\d3d11_template_gateware_v5d\d3d11_template_gateware\debug\d3d11_te.c7374697.tlog\fxc.write.1.tlog
c:\school\graphicsii_project\d3d11_template_gateware_v5d\d3d11_template_gateware\debug\d3d11_te.c7374697.tlog\link.command.1.tlog
c:\school\graphicsii_project\d3d11_template_gateware_v5d\d3d11_template_gateware\debug\d3d11_te.c7374697.tlog\link.read.1.tlog
c:\school\graphicsii_project\d3d11_template_gateware_v5d\d3d11_template_gateware\debug\d3d11_te.c7374697.tlog\link.write.1.tlog
